<?xml version="1.0" encoding="UTF-8" standalone="no"?>
<testsuite errors="0" failures="0" name="io.cucumber.core.plugin.JUnitFormatter" skipped="0" tests="2" time="38.59">
<testcase classname="feature to test login for Facebook functionality" name="Check login is successful with valid credentials" time="26.181">
<system-out><![CDATA[Given user is on login page.................................................passed
When user enters  sselenium674@gmail.com and Selenium01.....................passed
And clicks on button........................................................passed
Then user is navigated to the home page.....................................passed
]]></system-out>
</testcase>
<testcase classname="feature to test login for Facebook functionality" name="Check login is successful with valid credentials 2" time="12.154">
<system-out><![CDATA[Given user is on login page.................................................passed
When user enters  sseleniumCucumber@gmail.com and Selenium02................passed
And clicks on button........................................................passed
Then user is navigated to the home page.....................................passed
]]></system-out>
</testcase>
</testsuite>
